{"C:\\Users\\ivanb\\OneDrive\\Documentos\\GoStack\\appgobarber\\src\\components\\Button\\index.tsx": {"path":"C:\\Users\\ivanb\\OneDrive\\Documentos\\GoStack\\appgobarber\\src\\components\\Button\\index.tsx","statementMap":{"0":{"start":{"line":10,"column":38},"end":{"line":14,"column":1}},"1":{"start":{"line":11,"column":2},"end":{"line":13,"column":14}}},"fnMap":{"0":{"name":"(anonymous_0)","decl":{"start":{"line":10,"column":38},"end":{"line":10,"column":39}},"loc":{"start":{"line":11,"column":2},"end":{"line":13,"column":14}},"line":11}},"branchMap":{},"s":{"0":0,"1":0},"f":{"0":0},"b":{}}
,"C:\\Users\\ivanb\\OneDrive\\Documentos\\GoStack\\appgobarber\\src\\components\\Input\\index.tsx": {"path":"C:\\Users\\ivanb\\OneDrive\\Documentos\\GoStack\\appgobarber\\src\\components\\Input\\index.tsx","statementMap":{"0":{"start":{"line":27,"column":68},"end":{"line":93,"column":1}},"1":{"start":{"line":31,"column":26},"end":{"line":31,"column":43}},"2":{"start":{"line":33,"column":65},"end":{"line":33,"column":79}},"3":{"start":{"line":34,"column":24},"end":{"line":34,"column":76}},"4":{"start":{"line":36,"column":36},"end":{"line":36,"column":51}},"5":{"start":{"line":37,"column":34},"end":{"line":37,"column":49}},"6":{"start":{"line":39,"column":27},"end":{"line":41,"column":8}},"7":{"start":{"line":40,"column":4},"end":{"line":40,"column":23}},"8":{"start":{"line":43,"column":26},"end":{"line":47,"column":8}},"9":{"start":{"line":44,"column":4},"end":{"line":44,"column":24}},"10":{"start":{"line":46,"column":4},"end":{"line":46,"column":47}},"11":{"start":{"line":49,"column":2},"end":{"line":53,"column":6}},"12":{"start":{"line":49,"column":34},"end":{"line":53,"column":3}},"13":{"start":{"line":51,"column":6},"end":{"line":51,"column":39}},"14":{"start":{"line":55,"column":2},"end":{"line":69,"column":33}},"15":{"start":{"line":56,"column":4},"end":{"line":68,"column":7}},"16":{"start":{"line":61,"column":8},"end":{"line":61,"column":44}},"17":{"start":{"line":62,"column":8},"end":{"line":62,"column":64}},"18":{"start":{"line":65,"column":8},"end":{"line":65,"column":41}},"19":{"start":{"line":66,"column":8},"end":{"line":66,"column":40}},"20":{"start":{"line":71,"column":2},"end":{"line":92,"column":4}},"21":{"start":{"line":87,"column":10},"end":{"line":87,"column":46}}},"fnMap":{"0":{"name":"(anonymous_0)","decl":{"start":{"line":27,"column":68},"end":{"line":27,"column":69}},"loc":{"start":{"line":30,"column":5},"end":{"line":93,"column":1}},"line":30},"1":{"name":"(anonymous_1)","decl":{"start":{"line":39,"column":39},"end":{"line":39,"column":40}},"loc":{"start":{"line":39,"column":45},"end":{"line":41,"column":3}},"line":39},"2":{"name":"(anonymous_2)","decl":{"start":{"line":43,"column":38},"end":{"line":43,"column":39}},"loc":{"start":{"line":43,"column":44},"end":{"line":47,"column":3}},"line":43},"3":{"name":"(anonymous_3)","decl":{"start":{"line":49,"column":27},"end":{"line":49,"column":28}},"loc":{"start":{"line":49,"column":34},"end":{"line":53,"column":3}},"line":49},"4":{"name":"(anonymous_4)","decl":{"start":{"line":50,"column":4},"end":{"line":50,"column":5}},"loc":{"start":{"line":50,"column":12},"end":{"line":52,"column":5}},"line":50},"5":{"name":"(anonymous_5)","decl":{"start":{"line":55,"column":12},"end":{"line":55,"column":13}},"loc":{"start":{"line":55,"column":18},"end":{"line":69,"column":3}},"line":55},"6":{"name":"(anonymous_6)","decl":{"start":{"line":60,"column":6},"end":{"line":60,"column":7}},"loc":{"start":{"line":60,"column":32},"end":{"line":63,"column":7}},"line":60},"7":{"name":"(anonymous_7)","decl":{"start":{"line":64,"column":6},"end":{"line":64,"column":7}},"loc":{"start":{"line":64,"column":19},"end":{"line":67,"column":7}},"line":64},"8":{"name":"(anonymous_8)","decl":{"start":{"line":86,"column":22},"end":{"line":86,"column":23}},"loc":{"start":{"line":86,"column":31},"end":{"line":88,"column":9}},"line":86}},"branchMap":{"0":{"loc":{"start":{"line":28,"column":16},"end":{"line":28,"column":35}},"type":"default-arg","locations":[{"start":{"line":28,"column":33},"end":{"line":28,"column":35}}],"line":28},"1":{"loc":{"start":{"line":33,"column":36},"end":{"line":33,"column":53}},"type":"default-arg","locations":[{"start":{"line":33,"column":51},"end":{"line":33,"column":53}}],"line":33},"2":{"loc":{"start":{"line":76,"column":15},"end":{"line":76,"column":60}},"type":"cond-expr","locations":[{"start":{"line":76,"column":39},"end":{"line":76,"column":48}},{"start":{"line":76,"column":51},"end":{"line":76,"column":60}}],"line":76},"3":{"loc":{"start":{"line":76,"column":15},"end":{"line":76,"column":36}},"type":"binary-expr","locations":[{"start":{"line":76,"column":15},"end":{"line":76,"column":24}},{"start":{"line":76,"column":28},"end":{"line":76,"column":36}}],"line":76}},"s":{"0":0,"1":0,"2":0,"3":0,"4":0,"5":0,"6":0,"7":0,"8":0,"9":0,"10":0,"11":0,"12":0,"13":0,"14":0,"15":0,"16":0,"17":0,"18":0,"19":0,"20":0,"21":0},"f":{"0":0,"1":0,"2":0,"3":0,"4":0,"5":0,"6":0,"7":0,"8":0},"b":{"0":[0],"1":[0],"2":[0,0],"3":[0,0]}}
,"C:\\Users\\ivanb\\OneDrive\\Documentos\\GoStack\\appgobarber\\src\\hooks\\auth.tsx": {"path":"C:\\Users\\ivanb\\OneDrive\\Documentos\\GoStack\\appgobarber\\src\\hooks\\auth.tsx","statementMap":{"0":{"start":{"line":31,"column":20},"end":{"line":31,"column":73}},"1":{"start":{"line":33,"column":31},"end":{"line":95,"column":1}},"2":{"start":{"line":34,"column":26},"end":{"line":34,"column":62}},"3":{"start":{"line":35,"column":32},"end":{"line":35,"column":46}},"4":{"start":{"line":37,"column":2},"end":{"line":54,"column":9}},"5":{"start":{"line":39,"column":28},"end":{"line":42,"column":8}},"6":{"start":{"line":44,"column":6},"end":{"line":48,"column":7}},"7":{"start":{"line":45,"column":8},"end":{"line":45,"column":66}},"8":{"start":{"line":47,"column":8},"end":{"line":47,"column":63}},"9":{"start":{"line":50,"column":6},"end":{"line":50,"column":24}},"10":{"start":{"line":53,"column":4},"end":{"line":53,"column":22}},"11":{"start":{"line":56,"column":17},"end":{"line":72,"column":8}},"12":{"start":{"line":57,"column":21},"end":{"line":60,"column":6}},"13":{"start":{"line":62,"column":28},"end":{"line":62,"column":41}},"14":{"start":{"line":64,"column":4},"end":{"line":67,"column":7}},"15":{"start":{"line":69,"column":4},"end":{"line":69,"column":62}},"16":{"start":{"line":71,"column":4},"end":{"line":71,"column":29}},"17":{"start":{"line":74,"column":18},"end":{"line":78,"column":8}},"18":{"start":{"line":75,"column":4},"end":{"line":75,"column":74}},"19":{"start":{"line":77,"column":4},"end":{"line":77,"column":29}},"20":{"start":{"line":80,"column":21},"end":{"line":88,"column":29}},"21":{"start":{"line":82,"column":6},"end":{"line":82,"column":73}},"22":{"start":{"line":84,"column":6},"end":{"line":87,"column":9}},"23":{"start":{"line":90,"column":2},"end":{"line":94,"column":4}},"24":{"start":{"line":98,"column":18},"end":{"line":98,"column":41}},"25":{"start":{"line":100,"column":2},"end":{"line":102,"column":3}},"26":{"start":{"line":101,"column":4},"end":{"line":101,"column":67}},"27":{"start":{"line":104,"column":2},"end":{"line":104,"column":17}}},"fnMap":{"0":{"name":"(anonymous_0)","decl":{"start":{"line":33,"column":31},"end":{"line":33,"column":32}},"loc":{"start":{"line":33,"column":49},"end":{"line":95,"column":1}},"line":33},"1":{"name":"(anonymous_1)","decl":{"start":{"line":37,"column":12},"end":{"line":37,"column":13}},"loc":{"start":{"line":37,"column":18},"end":{"line":54,"column":3}},"line":37},"2":{"name":"loadStorageData","decl":{"start":{"line":38,"column":19},"end":{"line":38,"column":34}},"loc":{"start":{"line":38,"column":52},"end":{"line":51,"column":5}},"line":38},"3":{"name":"(anonymous_3)","decl":{"start":{"line":56,"column":29},"end":{"line":56,"column":30}},"loc":{"start":{"line":56,"column":60},"end":{"line":72,"column":3}},"line":56},"4":{"name":"(anonymous_4)","decl":{"start":{"line":74,"column":30},"end":{"line":74,"column":31}},"loc":{"start":{"line":74,"column":42},"end":{"line":78,"column":3}},"line":74},"5":{"name":"(anonymous_5)","decl":{"start":{"line":81,"column":4},"end":{"line":81,"column":5}},"loc":{"start":{"line":81,"column":26},"end":{"line":88,"column":5}},"line":81},"6":{"name":"useAuth","decl":{"start":{"line":97,"column":9},"end":{"line":97,"column":16}},"loc":{"start":{"line":97,"column":36},"end":{"line":105,"column":1}},"line":97}},"branchMap":{"0":{"loc":{"start":{"line":44,"column":6},"end":{"line":48,"column":7}},"type":"if","locations":[{"start":{"line":44,"column":6},"end":{"line":48,"column":7}},{"start":{"line":44,"column":6},"end":{"line":48,"column":7}}],"line":44},"1":{"loc":{"start":{"line":44,"column":10},"end":{"line":44,"column":29}},"type":"binary-expr","locations":[{"start":{"line":44,"column":10},"end":{"line":44,"column":18}},{"start":{"line":44,"column":22},"end":{"line":44,"column":29}}],"line":44},"2":{"loc":{"start":{"line":100,"column":2},"end":{"line":102,"column":3}},"type":"if","locations":[{"start":{"line":100,"column":2},"end":{"line":102,"column":3}},{"start":{"line":100,"column":2},"end":{"line":102,"column":3}}],"line":100}},"s":{"0":0,"1":0,"2":0,"3":0,"4":0,"5":0,"6":0,"7":0,"8":0,"9":0,"10":0,"11":0,"12":0,"13":0,"14":0,"15":0,"16":0,"17":0,"18":0,"19":0,"20":0,"21":0,"22":0,"23":0,"24":0,"25":0,"26":0,"27":0},"f":{"0":0,"1":0,"2":0,"3":0,"4":0,"5":0,"6":0},"b":{"0":[0,0],"1":[0,0],"2":[0,0]}}
,"C:\\Users\\ivanb\\OneDrive\\Documentos\\GoStack\\appgobarber\\src\\pages\\AppointmentCreated\\index.tsx": {"path":"C:\\Users\\ivanb\\OneDrive\\Documentos\\GoStack\\appgobarber\\src\\pages\\AppointmentCreated\\index.tsx","statementMap":{"0":{"start":{"line":20,"column":37},"end":{"line":51,"column":1}},"1":{"start":{"line":21,"column":20},"end":{"line":21,"column":35}},"2":{"start":{"line":22,"column":21},"end":{"line":22,"column":31}},"3":{"start":{"line":24,"column":22},"end":{"line":24,"column":43}},"4":{"start":{"line":26,"column":26},"end":{"line":31,"column":13}},"5":{"start":{"line":27,"column":4},"end":{"line":30,"column":6}},"6":{"start":{"line":33,"column":24},"end":{"line":39,"column":19}},"7":{"start":{"line":34,"column":4},"end":{"line":38,"column":6}},"8":{"start":{"line":41,"column":2},"end":{"line":50,"column":14}}},"fnMap":{"0":{"name":"(anonymous_0)","decl":{"start":{"line":20,"column":37},"end":{"line":20,"column":38}},"loc":{"start":{"line":20,"column":43},"end":{"line":51,"column":1}},"line":20},"1":{"name":"(anonymous_1)","decl":{"start":{"line":26,"column":38},"end":{"line":26,"column":39}},"loc":{"start":{"line":26,"column":44},"end":{"line":31,"column":3}},"line":26},"2":{"name":"(anonymous_2)","decl":{"start":{"line":33,"column":32},"end":{"line":33,"column":33}},"loc":{"start":{"line":33,"column":38},"end":{"line":39,"column":3}},"line":33}},"branchMap":{},"s":{"0":0,"1":0,"2":0,"3":0,"4":0,"5":0,"6":0,"7":0,"8":0},"f":{"0":0,"1":0,"2":0},"b":{}}
,"C:\\Users\\ivanb\\OneDrive\\Documentos\\GoStack\\appgobarber\\src\\pages\\CreateAppointment\\index.tsx": {"path":"C:\\Users\\ivanb\\OneDrive\\Documentos\\GoStack\\appgobarber\\src\\pages\\CreateAppointment\\index.tsx","statementMap":{"0":{"start":{"line":52,"column":36},"end":{"line":250,"column":1}},"1":{"start":{"line":53,"column":19},"end":{"line":53,"column":28}},"2":{"start":{"line":54,"column":16},"end":{"line":54,"column":26}},"3":{"start":{"line":55,"column":31},"end":{"line":55,"column":46}},"4":{"start":{"line":57,"column":22},"end":{"line":57,"column":49}},"5":{"start":{"line":59,"column":42},"end":{"line":59,"column":74}},"6":{"start":{"line":60,"column":46},"end":{"line":60,"column":61}},"7":{"start":{"line":61,"column":42},"end":{"line":61,"column":62}},"8":{"start":{"line":62,"column":42},"end":{"line":62,"column":53}},"9":{"start":{"line":63,"column":36},"end":{"line":63,"column":60}},"10":{"start":{"line":64,"column":50},"end":{"line":64,"column":82}},"11":{"start":{"line":66,"column":2},"end":{"line":70,"column":9}},"12":{"start":{"line":67,"column":4},"end":{"line":69,"column":7}},"13":{"start":{"line":68,"column":6},"end":{"line":68,"column":34}},"14":{"start":{"line":72,"column":2},"end":{"line":82,"column":42}},"15":{"start":{"line":73,"column":4},"end":{"line":81,"column":6}},"16":{"start":{"line":80,"column":6},"end":{"line":80,"column":37}},"17":{"start":{"line":84,"column":23},"end":{"line":86,"column":14}},"18":{"start":{"line":85,"column":4},"end":{"line":85,"column":13}},"19":{"start":{"line":88,"column":31},"end":{"line":90,"column":8}},"20":{"start":{"line":89,"column":4},"end":{"line":89,"column":36}},"21":{"start":{"line":92,"column":29},"end":{"line":94,"column":8}},"22":{"start":{"line":93,"column":4},"end":{"line":93,"column":41}},"23":{"start":{"line":93,"column":33},"end":{"line":93,"column":39}},"24":{"start":{"line":96,"column":28},"end":{"line":104,"column":8}},"25":{"start":{"line":97,"column":4},"end":{"line":99,"column":5}},"26":{"start":{"line":98,"column":6},"end":{"line":98,"column":31}},"27":{"start":{"line":101,"column":4},"end":{"line":103,"column":5}},"28":{"start":{"line":102,"column":6},"end":{"line":102,"column":28}},"29":{"start":{"line":106,"column":27},"end":{"line":108,"column":8}},"30":{"start":{"line":107,"column":4},"end":{"line":107,"column":26}},"31":{"start":{"line":110,"column":34},"end":{"line":129,"column":62}},"32":{"start":{"line":111,"column":4},"end":{"line":128,"column":5}},"33":{"start":{"line":112,"column":19},"end":{"line":112,"column":41}},"34":{"start":{"line":114,"column":6},"end":{"line":114,"column":34}},"35":{"start":{"line":115,"column":6},"end":{"line":115,"column":25}},"36":{"start":{"line":117,"column":6},"end":{"line":120,"column":9}},"37":{"start":{"line":122,"column":6},"end":{"line":122,"column":63}},"38":{"start":{"line":124,"column":6},"end":{"line":127,"column":8}},"39":{"start":{"line":131,"column":30},"end":{"line":139,"column":20}},"40":{"start":{"line":132,"column":4},"end":{"line":138,"column":10}},"41":{"start":{"line":133,"column":28},"end":{"line":133,"column":37}},"42":{"start":{"line":134,"column":37},"end":{"line":138,"column":7}},"43":{"start":{"line":141,"column":32},"end":{"line":149,"column":20}},"44":{"start":{"line":142,"column":4},"end":{"line":148,"column":10}},"45":{"start":{"line":143,"column":28},"end":{"line":143,"column":38}},"46":{"start":{"line":144,"column":37},"end":{"line":148,"column":7}},"47":{"start":{"line":151,"column":2},"end":{"line":249,"column":3}},"48":{"start":{"line":170,"column":40},"end":{"line":170,"column":51}},"49":{"start":{"line":172,"column":14},"end":{"line":178,"column":34}},"50":{"start":{"line":172,"column":48},"end":{"line":172,"column":81}},"51":{"start":{"line":208,"column":16},"end":{"line":217,"column":23}},"52":{"start":{"line":211,"column":33},"end":{"line":211,"column":55}},"53":{"start":{"line":228,"column":18},"end":{"line":237,"column":25}},"54":{"start":{"line":231,"column":35},"end":{"line":231,"column":57}}},"fnMap":{"0":{"name":"(anonymous_0)","decl":{"start":{"line":52,"column":36},"end":{"line":52,"column":37}},"loc":{"start":{"line":52,"column":42},"end":{"line":250,"column":1}},"line":52},"1":{"name":"(anonymous_1)","decl":{"start":{"line":66,"column":12},"end":{"line":66,"column":13}},"loc":{"start":{"line":66,"column":18},"end":{"line":70,"column":3}},"line":66},"2":{"name":"(anonymous_2)","decl":{"start":{"line":67,"column":30},"end":{"line":67,"column":31}},"loc":{"start":{"line":67,"column":44},"end":{"line":69,"column":5}},"line":67},"3":{"name":"(anonymous_3)","decl":{"start":{"line":72,"column":12},"end":{"line":72,"column":13}},"loc":{"start":{"line":72,"column":18},"end":{"line":82,"column":3}},"line":72},"4":{"name":"(anonymous_4)","decl":{"start":{"line":79,"column":12},"end":{"line":79,"column":13}},"loc":{"start":{"line":79,"column":24},"end":{"line":81,"column":5}},"line":79},"5":{"name":"(anonymous_5)","decl":{"start":{"line":84,"column":35},"end":{"line":84,"column":36}},"loc":{"start":{"line":84,"column":41},"end":{"line":86,"column":3}},"line":84},"6":{"name":"(anonymous_6)","decl":{"start":{"line":88,"column":43},"end":{"line":88,"column":44}},"loc":{"start":{"line":88,"column":67},"end":{"line":90,"column":3}},"line":88},"7":{"name":"(anonymous_7)","decl":{"start":{"line":92,"column":41},"end":{"line":92,"column":42}},"loc":{"start":{"line":92,"column":47},"end":{"line":94,"column":3}},"line":92},"8":{"name":"(anonymous_8)","decl":{"start":{"line":93,"column":22},"end":{"line":93,"column":23}},"loc":{"start":{"line":93,"column":33},"end":{"line":93,"column":39}},"line":93},"9":{"name":"(anonymous_9)","decl":{"start":{"line":96,"column":40},"end":{"line":96,"column":41}},"loc":{"start":{"line":96,"column":80},"end":{"line":104,"column":3}},"line":96},"10":{"name":"(anonymous_10)","decl":{"start":{"line":106,"column":39},"end":{"line":106,"column":40}},"loc":{"start":{"line":106,"column":57},"end":{"line":108,"column":3}},"line":106},"11":{"name":"(anonymous_11)","decl":{"start":{"line":110,"column":46},"end":{"line":110,"column":47}},"loc":{"start":{"line":110,"column":58},"end":{"line":129,"column":3}},"line":110},"12":{"name":"(anonymous_12)","decl":{"start":{"line":131,"column":38},"end":{"line":131,"column":39}},"loc":{"start":{"line":131,"column":44},"end":{"line":139,"column":3}},"line":131},"13":{"name":"(anonymous_13)","decl":{"start":{"line":133,"column":14},"end":{"line":133,"column":15}},"loc":{"start":{"line":133,"column":28},"end":{"line":133,"column":37}},"line":133},"14":{"name":"(anonymous_14)","decl":{"start":{"line":134,"column":11},"end":{"line":134,"column":12}},"loc":{"start":{"line":134,"column":37},"end":{"line":138,"column":7}},"line":134},"15":{"name":"(anonymous_15)","decl":{"start":{"line":141,"column":40},"end":{"line":141,"column":41}},"loc":{"start":{"line":141,"column":46},"end":{"line":149,"column":3}},"line":141},"16":{"name":"(anonymous_16)","decl":{"start":{"line":143,"column":14},"end":{"line":143,"column":15}},"loc":{"start":{"line":143,"column":28},"end":{"line":143,"column":38}},"line":143},"17":{"name":"(anonymous_17)","decl":{"start":{"line":144,"column":11},"end":{"line":144,"column":12}},"loc":{"start":{"line":144,"column":37},"end":{"line":148,"column":7}},"line":144},"18":{"name":"(anonymous_18)","decl":{"start":{"line":170,"column":26},"end":{"line":170,"column":27}},"loc":{"start":{"line":170,"column":40},"end":{"line":170,"column":51}},"line":170},"19":{"name":"(anonymous_19)","decl":{"start":{"line":171,"column":24},"end":{"line":171,"column":25}},"loc":{"start":{"line":172,"column":14},"end":{"line":178,"column":34}},"line":172},"20":{"name":"(anonymous_20)","decl":{"start":{"line":172,"column":42},"end":{"line":172,"column":43}},"loc":{"start":{"line":172,"column":48},"end":{"line":172,"column":81}},"line":172},"21":{"name":"(anonymous_21)","decl":{"start":{"line":207,"column":39},"end":{"line":207,"column":40}},"loc":{"start":{"line":208,"column":16},"end":{"line":217,"column":23}},"line":208},"22":{"name":"(anonymous_22)","decl":{"start":{"line":211,"column":27},"end":{"line":211,"column":28}},"loc":{"start":{"line":211,"column":33},"end":{"line":211,"column":55}},"line":211},"23":{"name":"(anonymous_23)","decl":{"start":{"line":227,"column":16},"end":{"line":227,"column":17}},"loc":{"start":{"line":228,"column":18},"end":{"line":237,"column":25}},"line":228},"24":{"name":"(anonymous_24)","decl":{"start":{"line":231,"column":29},"end":{"line":231,"column":30}},"loc":{"start":{"line":231,"column":35},"end":{"line":231,"column":57}},"line":231}},"branchMap":{"0":{"loc":{"start":{"line":97,"column":4},"end":{"line":99,"column":5}},"type":"if","locations":[{"start":{"line":97,"column":4},"end":{"line":99,"column":5}},{"start":{"line":97,"column":4},"end":{"line":99,"column":5}}],"line":97},"1":{"loc":{"start":{"line":101,"column":4},"end":{"line":103,"column":5}},"type":"if","locations":[{"start":{"line":101,"column":4},"end":{"line":103,"column":5}},{"start":{"line":101,"column":4},"end":{"line":103,"column":5}}],"line":101},"2":{"loc":{"start":{"line":190,"column":11},"end":{"line":197,"column":11}},"type":"binary-expr","locations":[{"start":{"line":190,"column":11},"end":{"line":190,"column":25}},{"start":{"line":191,"column":12},"end":{"line":196,"column":14}}],"line":190},"3":{"loc":{"start":{"line":193,"column":23},"end":{"line":193,"column":73}},"type":"cond-expr","locations":[{"start":{"line":193,"column":51},"end":{"line":193,"column":61}},{"start":{"line":193,"column":64},"end":{"line":193,"column":73}}],"line":193}},"s":{"0":0,"1":0,"2":0,"3":0,"4":0,"5":0,"6":0,"7":0,"8":0,"9":0,"10":0,"11":0,"12":0,"13":0,"14":0,"15":0,"16":0,"17":0,"18":0,"19":0,"20":0,"21":0,"22":0,"23":0,"24":0,"25":0,"26":0,"27":0,"28":0,"29":0,"30":0,"31":0,"32":0,"33":0,"34":0,"35":0,"36":0,"37":0,"38":0,"39":0,"40":0,"41":0,"42":0,"43":0,"44":0,"45":0,"46":0,"47":0,"48":0,"49":0,"50":0,"51":0,"52":0,"53":0,"54":0},"f":{"0":0,"1":0,"2":0,"3":0,"4":0,"5":0,"6":0,"7":0,"8":0,"9":0,"10":0,"11":0,"12":0,"13":0,"14":0,"15":0,"16":0,"17":0,"18":0,"19":0,"20":0,"21":0,"22":0,"23":0,"24":0},"b":{"0":[0,0],"1":[0,0],"2":[0,0],"3":[0,0]}}
,"C:\\Users\\ivanb\\OneDrive\\Documentos\\GoStack\\appgobarber\\src\\pages\\Dashboard\\index.tsx": {"path":"C:\\Users\\ivanb\\OneDrive\\Documentos\\GoStack\\appgobarber\\src\\pages\\Dashboard\\index.tsx","statementMap":{"0":{"start":{"line":30,"column":28},"end":{"line":91,"column":1}},"1":{"start":{"line":31,"column":28},"end":{"line":31,"column":37}},"2":{"start":{"line":32,"column":21},"end":{"line":32,"column":36}},"3":{"start":{"line":33,"column":36},"end":{"line":33,"column":60}},"4":{"start":{"line":35,"column":2},"end":{"line":39,"column":9}},"5":{"start":{"line":36,"column":4},"end":{"line":38,"column":7}},"6":{"start":{"line":37,"column":6},"end":{"line":37,"column":34}},"7":{"start":{"line":41,"column":31},"end":{"line":46,"column":3}},"8":{"start":{"line":43,"column":6},"end":{"line":43,"column":63}},"9":{"start":{"line":48,"column":2},"end":{"line":90,"column":4}},"10":{"start":{"line":56,"column":38},"end":{"line":56,"column":68}},"11":{"start":{"line":63,"column":36},"end":{"line":63,"column":47}},"12":{"start":{"line":68,"column":10},"end":{"line":86,"column":30}},"13":{"start":{"line":68,"column":44},"end":{"line":68,"column":77}}},"fnMap":{"0":{"name":"(anonymous_0)","decl":{"start":{"line":30,"column":28},"end":{"line":30,"column":29}},"loc":{"start":{"line":30,"column":34},"end":{"line":91,"column":1}},"line":30},"1":{"name":"(anonymous_1)","decl":{"start":{"line":35,"column":12},"end":{"line":35,"column":13}},"loc":{"start":{"line":35,"column":18},"end":{"line":39,"column":3}},"line":35},"2":{"name":"(anonymous_2)","decl":{"start":{"line":36,"column":30},"end":{"line":36,"column":31}},"loc":{"start":{"line":36,"column":44},"end":{"line":38,"column":5}},"line":36},"3":{"name":"(anonymous_3)","decl":{"start":{"line":42,"column":4},"end":{"line":42,"column":5}},"loc":{"start":{"line":42,"column":28},"end":{"line":44,"column":5}},"line":42},"4":{"name":"(anonymous_4)","decl":{"start":{"line":56,"column":32},"end":{"line":56,"column":33}},"loc":{"start":{"line":56,"column":38},"end":{"line":56,"column":68}},"line":56},"5":{"name":"(anonymous_5)","decl":{"start":{"line":63,"column":22},"end":{"line":63,"column":23}},"loc":{"start":{"line":63,"column":36},"end":{"line":63,"column":47}},"line":63},"6":{"name":"(anonymous_6)","decl":{"start":{"line":67,"column":20},"end":{"line":67,"column":21}},"loc":{"start":{"line":68,"column":10},"end":{"line":86,"column":30}},"line":68},"7":{"name":"(anonymous_7)","decl":{"start":{"line":68,"column":38},"end":{"line":68,"column":39}},"loc":{"start":{"line":68,"column":44},"end":{"line":68,"column":77}},"line":68}},"branchMap":{},"s":{"0":0,"1":0,"2":0,"3":0,"4":0,"5":0,"6":0,"7":0,"8":0,"9":0,"10":0,"11":0,"12":0,"13":0},"f":{"0":0,"1":0,"2":0,"3":0,"4":0,"5":0,"6":0,"7":0},"b":{}}
,"C:\\Users\\ivanb\\OneDrive\\Documentos\\GoStack\\appgobarber\\src\\pages\\Profile\\index.tsx": {"path":"C:\\Users\\ivanb\\OneDrive\\Documentos\\GoStack\\appgobarber\\src\\pages\\Profile\\index.tsx","statementMap":{"0":{"start":{"line":36,"column":26},"end":{"line":250,"column":1}},"1":{"start":{"line":37,"column":31},"end":{"line":37,"column":40}},"2":{"start":{"line":38,"column":18},"end":{"line":38,"column":43}},"3":{"start":{"line":39,"column":21},"end":{"line":39,"column":36}},"4":{"start":{"line":41,"column":24},"end":{"line":41,"column":47}},"5":{"start":{"line":42,"column":27},"end":{"line":42,"column":50}},"6":{"start":{"line":43,"column":30},"end":{"line":43,"column":53}},"7":{"start":{"line":44,"column":34},"end":{"line":44,"column":57}},"8":{"start":{"line":46,"column":24},"end":{"line":121,"column":3}},"9":{"start":{"line":48,"column":6},"end":{"line":118,"column":7}},"10":{"start":{"line":49,"column":8},"end":{"line":49,"column":39}},"11":{"start":{"line":51,"column":23},"end":{"line":69,"column":10}},"12":{"start":{"line":58,"column":25},"end":{"line":58,"column":37}},"13":{"start":{"line":64,"column":27},"end":{"line":64,"column":39}},"14":{"start":{"line":71,"column":8},"end":{"line":73,"column":11}},"15":{"start":{"line":81,"column":12},"end":{"line":81,"column":16}},"16":{"start":{"line":83,"column":25},"end":{"line":93,"column":9}},"17":{"start":{"line":95,"column":25},"end":{"line":95,"column":60}},"18":{"start":{"line":97,"column":8},"end":{"line":97,"column":34}},"19":{"start":{"line":99,"column":8},"end":{"line":102,"column":10}},"20":{"start":{"line":104,"column":8},"end":{"line":104,"column":28}},"21":{"start":{"line":106,"column":8},"end":{"line":112,"column":9}},"22":{"start":{"line":107,"column":25},"end":{"line":107,"column":49}},"23":{"start":{"line":109,"column":10},"end":{"line":109,"column":45}},"24":{"start":{"line":111,"column":10},"end":{"line":111,"column":17}},"25":{"start":{"line":114,"column":8},"end":{"line":117,"column":10}},"26":{"start":{"line":123,"column":29},"end":{"line":151,"column":27}},"27":{"start":{"line":124,"column":4},"end":{"line":150,"column":7}},"28":{"start":{"line":129,"column":6},"end":{"line":131,"column":7}},"29":{"start":{"line":130,"column":8},"end":{"line":130,"column":15}},"30":{"start":{"line":133,"column":6},"end":{"line":136,"column":7}},"31":{"start":{"line":134,"column":8},"end":{"line":134,"column":53}},"32":{"start":{"line":135,"column":8},"end":{"line":135,"column":15}},"33":{"start":{"line":138,"column":19},"end":{"line":138,"column":33}},"34":{"start":{"line":140,"column":6},"end":{"line":144,"column":9}},"35":{"start":{"line":146,"column":6},"end":{"line":148,"column":9}},"36":{"start":{"line":147,"column":8},"end":{"line":147,"column":37}},"37":{"start":{"line":153,"column":23},"end":{"line":155,"column":18}},"38":{"start":{"line":154,"column":4},"end":{"line":154,"column":24}},"39":{"start":{"line":157,"column":2},"end":{"line":249,"column":4}},"40":{"start":{"line":189,"column":18},"end":{"line":189,"column":49}},"41":{"start":{"line":203,"column":18},"end":{"line":203,"column":52}},"42":{"start":{"line":216,"column":39},"end":{"line":216,"column":75}},"43":{"start":{"line":227,"column":39},"end":{"line":227,"column":79}},"44":{"start":{"line":238,"column":39},"end":{"line":238,"column":68}},"45":{"start":{"line":241,"column":37},"end":{"line":241,"column":66}}},"fnMap":{"0":{"name":"(anonymous_0)","decl":{"start":{"line":36,"column":26},"end":{"line":36,"column":27}},"loc":{"start":{"line":36,"column":32},"end":{"line":250,"column":1}},"line":36},"1":{"name":"(anonymous_1)","decl":{"start":{"line":47,"column":4},"end":{"line":47,"column":5}},"loc":{"start":{"line":47,"column":37},"end":{"line":119,"column":5}},"line":47},"2":{"name":"(anonymous_2)","decl":{"start":{"line":58,"column":16},"end":{"line":58,"column":17}},"loc":{"start":{"line":58,"column":25},"end":{"line":58,"column":37}},"line":58},"3":{"name":"(anonymous_3)","decl":{"start":{"line":64,"column":18},"end":{"line":64,"column":19}},"loc":{"start":{"line":64,"column":27},"end":{"line":64,"column":39}},"line":64},"4":{"name":"(anonymous_4)","decl":{"start":{"line":123,"column":41},"end":{"line":123,"column":42}},"loc":{"start":{"line":123,"column":47},"end":{"line":151,"column":3}},"line":123},"5":{"name":"(anonymous_5)","decl":{"start":{"line":128,"column":7},"end":{"line":128,"column":8}},"loc":{"start":{"line":128,"column":19},"end":{"line":150,"column":5}},"line":128},"6":{"name":"(anonymous_6)","decl":{"start":{"line":146,"column":43},"end":{"line":146,"column":44}},"loc":{"start":{"line":146,"column":60},"end":{"line":148,"column":7}},"line":146},"7":{"name":"(anonymous_7)","decl":{"start":{"line":153,"column":35},"end":{"line":153,"column":36}},"loc":{"start":{"line":153,"column":41},"end":{"line":155,"column":3}},"line":153},"8":{"name":"(anonymous_8)","decl":{"start":{"line":188,"column":33},"end":{"line":188,"column":34}},"loc":{"start":{"line":188,"column":39},"end":{"line":190,"column":17}},"line":188},"9":{"name":"(anonymous_9)","decl":{"start":{"line":202,"column":33},"end":{"line":202,"column":34}},"loc":{"start":{"line":202,"column":39},"end":{"line":204,"column":17}},"line":202},"10":{"name":"(anonymous_10)","decl":{"start":{"line":216,"column":33},"end":{"line":216,"column":34}},"loc":{"start":{"line":216,"column":39},"end":{"line":216,"column":75}},"line":216},"11":{"name":"(anonymous_11)","decl":{"start":{"line":227,"column":33},"end":{"line":227,"column":34}},"loc":{"start":{"line":227,"column":39},"end":{"line":227,"column":79}},"line":227},"12":{"name":"(anonymous_12)","decl":{"start":{"line":238,"column":33},"end":{"line":238,"column":34}},"loc":{"start":{"line":238,"column":39},"end":{"line":238,"column":68}},"line":238},"13":{"name":"(anonymous_13)","decl":{"start":{"line":241,"column":31},"end":{"line":241,"column":32}},"loc":{"start":{"line":241,"column":37},"end":{"line":241,"column":66}},"line":241}},"branchMap":{"0":{"loc":{"start":{"line":86,"column":14},"end":{"line":92,"column":16}},"type":"cond-expr","locations":[{"start":{"line":87,"column":14},"end":{"line":91,"column":13}},{"start":{"line":92,"column":14},"end":{"line":92,"column":16}}],"line":86},"1":{"loc":{"start":{"line":106,"column":8},"end":{"line":112,"column":9}},"type":"if","locations":[{"start":{"line":106,"column":8},"end":{"line":112,"column":9}},{"start":{"line":106,"column":8},"end":{"line":112,"column":9}}],"line":106},"2":{"loc":{"start":{"line":129,"column":6},"end":{"line":131,"column":7}},"type":"if","locations":[{"start":{"line":129,"column":6},"end":{"line":131,"column":7}},{"start":{"line":129,"column":6},"end":{"line":131,"column":7}}],"line":129},"3":{"loc":{"start":{"line":133,"column":6},"end":{"line":136,"column":7}},"type":"if","locations":[{"start":{"line":133,"column":6},"end":{"line":136,"column":7}},{"start":{"line":133,"column":6},"end":{"line":136,"column":7}}],"line":133},"4":{"loc":{"start":{"line":161,"column":18},"end":{"line":161,"column":63}},"type":"cond-expr","locations":[{"start":{"line":161,"column":42},"end":{"line":161,"column":51}},{"start":{"line":161,"column":54},"end":{"line":161,"column":63}}],"line":161}},"s":{"0":0,"1":0,"2":0,"3":0,"4":0,"5":0,"6":0,"7":0,"8":0,"9":0,"10":0,"11":0,"12":0,"13":0,"14":0,"15":0,"16":0,"17":0,"18":0,"19":0,"20":0,"21":0,"22":0,"23":0,"24":0,"25":0,"26":0,"27":0,"28":0,"29":0,"30":0,"31":0,"32":0,"33":0,"34":0,"35":0,"36":0,"37":0,"38":0,"39":0,"40":0,"41":0,"42":0,"43":0,"44":0,"45":0},"f":{"0":0,"1":0,"2":0,"3":0,"4":0,"5":0,"6":0,"7":0,"8":0,"9":0,"10":0,"11":0,"12":0,"13":0},"b":{"0":[0,0],"1":[0,0],"2":[0,0],"3":[0,0],"4":[0,0]}}
,"C:\\Users\\ivanb\\OneDrive\\Documentos\\GoStack\\appgobarber\\src\\pages\\SignIn\\index.tsx": {"path":"C:\\Users\\ivanb\\OneDrive\\Documentos\\GoStack\\appgobarber\\src\\pages\\SignIn\\index.tsx","statementMap":{"0":{"start":{"line":41,"column":25},"end":{"line":151,"column":1}},"1":{"start":{"line":42,"column":18},"end":{"line":42,"column":43}},"2":{"start":{"line":43,"column":27},"end":{"line":43,"column":50}},"3":{"start":{"line":45,"column":21},"end":{"line":45,"column":36}},"4":{"start":{"line":47,"column":21},"end":{"line":47,"column":30}},"5":{"start":{"line":49,"column":23},"end":{"line":83,"column":14}},"6":{"start":{"line":50,"column":4},"end":{"line":82,"column":5}},"7":{"start":{"line":51,"column":6},"end":{"line":51,"column":37}},"8":{"start":{"line":53,"column":21},"end":{"line":58,"column":8}},"9":{"start":{"line":60,"column":6},"end":{"line":62,"column":9}},"10":{"start":{"line":64,"column":6},"end":{"line":67,"column":9}},"11":{"start":{"line":70,"column":6},"end":{"line":76,"column":7}},"12":{"start":{"line":71,"column":23},"end":{"line":71,"column":47}},"13":{"start":{"line":73,"column":8},"end":{"line":73,"column":43}},"14":{"start":{"line":75,"column":8},"end":{"line":75,"column":15}},"15":{"start":{"line":78,"column":6},"end":{"line":81,"column":8}},"16":{"start":{"line":85,"column":2},"end":{"line":150,"column":4}},"17":{"start":{"line":112,"column":18},"end":{"line":112,"column":52}},"18":{"start":{"line":124,"column":18},"end":{"line":124,"column":48}},"19":{"start":{"line":130,"column":18},"end":{"line":130,"column":48}},"20":{"start":{"line":144,"column":42},"end":{"line":144,"column":71}}},"fnMap":{"0":{"name":"(anonymous_0)","decl":{"start":{"line":41,"column":25},"end":{"line":41,"column":26}},"loc":{"start":{"line":41,"column":31},"end":{"line":151,"column":1}},"line":41},"1":{"name":"(anonymous_1)","decl":{"start":{"line":49,"column":35},"end":{"line":49,"column":36}},"loc":{"start":{"line":49,"column":67},"end":{"line":83,"column":3}},"line":49},"2":{"name":"(anonymous_2)","decl":{"start":{"line":111,"column":33},"end":{"line":111,"column":34}},"loc":{"start":{"line":111,"column":39},"end":{"line":113,"column":17}},"line":111},"3":{"name":"(anonymous_3)","decl":{"start":{"line":123,"column":33},"end":{"line":123,"column":34}},"loc":{"start":{"line":123,"column":39},"end":{"line":125,"column":17}},"line":123},"4":{"name":"(anonymous_4)","decl":{"start":{"line":129,"column":25},"end":{"line":129,"column":26}},"loc":{"start":{"line":129,"column":31},"end":{"line":131,"column":17}},"line":129},"5":{"name":"(anonymous_5)","decl":{"start":{"line":137,"column":37},"end":{"line":137,"column":38}},"loc":{"start":{"line":137,"column":43},"end":{"line":137,"column":46}},"line":137},"6":{"name":"(anonymous_6)","decl":{"start":{"line":144,"column":36},"end":{"line":144,"column":37}},"loc":{"start":{"line":144,"column":42},"end":{"line":144,"column":71}},"line":144}},"branchMap":{"0":{"loc":{"start":{"line":70,"column":6},"end":{"line":76,"column":7}},"type":"if","locations":[{"start":{"line":70,"column":6},"end":{"line":76,"column":7}},{"start":{"line":70,"column":6},"end":{"line":76,"column":7}}],"line":70},"1":{"loc":{"start":{"line":89,"column":18},"end":{"line":89,"column":63}},"type":"cond-expr","locations":[{"start":{"line":89,"column":42},"end":{"line":89,"column":51}},{"start":{"line":89,"column":54},"end":{"line":89,"column":63}}],"line":89}},"s":{"0":0,"1":0,"2":0,"3":0,"4":0,"5":0,"6":0,"7":0,"8":0,"9":0,"10":0,"11":0,"12":0,"13":0,"14":0,"15":0,"16":0,"17":0,"18":0,"19":0,"20":0},"f":{"0":0,"1":0,"2":0,"3":0,"4":0,"5":0,"6":0},"b":{"0":[0,0],"1":[0,0]}}
,"C:\\Users\\ivanb\\OneDrive\\Documentos\\GoStack\\appgobarber\\src\\pages\\SignUp\\index.tsx": {"path":"C:\\Users\\ivanb\\OneDrive\\Documentos\\GoStack\\appgobarber\\src\\pages\\SignUp\\index.tsx","statementMap":{"0":{"start":{"line":34,"column":25},"end":{"line":155,"column":1}},"1":{"start":{"line":35,"column":18},"end":{"line":35,"column":43}},"2":{"start":{"line":36,"column":21},"end":{"line":36,"column":36}},"3":{"start":{"line":38,"column":24},"end":{"line":38,"column":47}},"4":{"start":{"line":39,"column":27},"end":{"line":39,"column":50}},"5":{"start":{"line":41,"column":23},"end":{"line":82,"column":3}},"6":{"start":{"line":43,"column":6},"end":{"line":79,"column":7}},"7":{"start":{"line":44,"column":8},"end":{"line":44,"column":39}},"8":{"start":{"line":46,"column":23},"end":{"line":52,"column":10}},"9":{"start":{"line":54,"column":8},"end":{"line":56,"column":11}},"10":{"start":{"line":58,"column":8},"end":{"line":58,"column":39}},"11":{"start":{"line":60,"column":8},"end":{"line":63,"column":10}},"12":{"start":{"line":65,"column":8},"end":{"line":65,"column":28}},"13":{"start":{"line":67,"column":8},"end":{"line":73,"column":9}},"14":{"start":{"line":68,"column":25},"end":{"line":68,"column":49}},"15":{"start":{"line":70,"column":10},"end":{"line":70,"column":45}},"16":{"start":{"line":72,"column":10},"end":{"line":72,"column":17}},"17":{"start":{"line":75,"column":8},"end":{"line":78,"column":10}},"18":{"start":{"line":84,"column":2},"end":{"line":154,"column":4}},"19":{"start":{"line":109,"column":18},"end":{"line":109,"column":49}},"20":{"start":{"line":123,"column":18},"end":{"line":123,"column":52}},"21":{"start":{"line":136,"column":18},"end":{"line":136,"column":48}},"22":{"start":{"line":140,"column":37},"end":{"line":140,"column":66}},"23":{"start":{"line":148,"column":35},"end":{"line":148,"column":54}}},"fnMap":{"0":{"name":"(anonymous_0)","decl":{"start":{"line":34,"column":25},"end":{"line":34,"column":26}},"loc":{"start":{"line":34,"column":31},"end":{"line":155,"column":1}},"line":34},"1":{"name":"(anonymous_1)","decl":{"start":{"line":42,"column":4},"end":{"line":42,"column":5}},"loc":{"start":{"line":42,"column":36},"end":{"line":80,"column":5}},"line":42},"2":{"name":"(anonymous_2)","decl":{"start":{"line":108,"column":33},"end":{"line":108,"column":34}},"loc":{"start":{"line":108,"column":39},"end":{"line":110,"column":17}},"line":108},"3":{"name":"(anonymous_3)","decl":{"start":{"line":122,"column":33},"end":{"line":122,"column":34}},"loc":{"start":{"line":122,"column":39},"end":{"line":124,"column":17}},"line":122},"4":{"name":"(anonymous_4)","decl":{"start":{"line":135,"column":33},"end":{"line":135,"column":34}},"loc":{"start":{"line":135,"column":39},"end":{"line":137,"column":17}},"line":135},"5":{"name":"(anonymous_5)","decl":{"start":{"line":140,"column":31},"end":{"line":140,"column":32}},"loc":{"start":{"line":140,"column":37},"end":{"line":140,"column":66}},"line":140},"6":{"name":"(anonymous_6)","decl":{"start":{"line":148,"column":29},"end":{"line":148,"column":30}},"loc":{"start":{"line":148,"column":35},"end":{"line":148,"column":54}},"line":148}},"branchMap":{"0":{"loc":{"start":{"line":67,"column":8},"end":{"line":73,"column":9}},"type":"if","locations":[{"start":{"line":67,"column":8},"end":{"line":73,"column":9}},{"start":{"line":67,"column":8},"end":{"line":73,"column":9}}],"line":67},"1":{"loc":{"start":{"line":88,"column":18},"end":{"line":88,"column":63}},"type":"cond-expr","locations":[{"start":{"line":88,"column":42},"end":{"line":88,"column":51}},{"start":{"line":88,"column":54},"end":{"line":88,"column":63}}],"line":88}},"s":{"0":0,"1":0,"2":0,"3":0,"4":0,"5":0,"6":0,"7":0,"8":0,"9":0,"10":0,"11":0,"12":0,"13":0,"14":0,"15":0,"16":0,"17":0,"18":0,"19":0,"20":0,"21":0,"22":0,"23":0},"f":{"0":0,"1":0,"2":0,"3":0,"4":0,"5":0,"6":0},"b":{"0":[0,0],"1":[0,0]}}
}
